Info: *******************************************************************
Info: Running Quartus Prime Shell
    Info: Version 17.1.0 Build 590 10/25/2017 SJ Lite Edition
    Info: Copyright (C) 2017  Intel Corporation. All rights reserved.
    Info: Your use of Intel Corporation's design tools, logic functions 
    Info: and other software and tools, and its AMPP partner logic 
    Info: functions, and any output files from any of the foregoing 
    Info: (including device programming or simulation files), and any 
    Info: associated documentation or information are expressly subject 
    Info: to the terms and conditions of the Intel Program License 
    Info: Subscription Agreement, the Intel Quartus Prime License Agreement,
    Info: the Intel FPGA IP License Agreement, or other applicable license
    Info: agreement, including, without limitation, that your use is for
    Info: the sole purpose of programming logic devices manufactured by
    Info: Intel and sold by Intel or its authorized distributors.  Please
    Info: refer to the applicable agreement for further details.
    Info: Processing started: Mon Sep 13 10:28:48 2021
Info: Command: quartus_sh -t ..//DeMiSTify/Scripts/compile.tcl -project MiSTery -board chameleon64v2
Info: Quartus(args): -project MiSTery -board chameleon64v2
Project: MiSTery_chameleon64v2
Target: chameleon64v2
Info: *******************************************************************
Info: Running Quartus Prime Analysis & Synthesis
    Info: Version 17.1.0 Build 590 10/25/2017 SJ Lite Edition
    Info: Processing started: Mon Sep 13 10:28:49 2021
Info: Command: quartus_map --read_settings_files=on --write_settings_files=off MiSTery_chameleon64v2 -c MiSTery_chameleon64v2
Error (20004): Your design targets the device family "Cyclone 10 LP". The specified family is not a valid device family, is not installed, or is not supported in this version of the Quartus Prime software. If you restored a project from an archived version, your project was successfully restored, but you still must specify or install a supported device family.
Error: Quartus Prime Analysis & Synthesis was unsuccessful. 1 error, 0 warnings
    Error: Peak virtual memory: 830 megabytes
    Error: Processing ended: Mon Sep 13 10:28:49 2021
    Error: Elapsed time: 00:00:00
    Error: Total CPU time (on all processors): 00:00:00
Error (293001): Quartus Prime Full Compilation was unsuccessful. 3 errors, 0 warnings
Error (23031): Evaluation of Tcl script ..//DeMiSTify/Scripts/compile.tcl unsuccessful
Error: Quartus Prime Shell was unsuccessful. 8 errors, 0 warnings
    Error: Peak virtual memory: 807 megabytes
    Error: Processing ended: Mon Sep 13 10:28:50 2021
    Error: Elapsed time: 00:00:02
    Error: Total CPU time (on all processors): 00:00:01
