Info: *******************************************************************
Info: Running Quartus Prime Shell
    Info: Version 17.1.0 Build 590 10/25/2017 SJ Lite Edition
    Info: Copyright (C) 2017  Intel Corporation. All rights reserved.
    Info: Your use of Intel Corporation's design tools, logic functions 
    Info: and other software and tools, and its AMPP partner logic 
    Info: functions, and any output files from any of the foregoing 
    Info: (including device programming or simulation files), and any 
    Info: associated documentation or information are expressly subject 
    Info: to the terms and conditions of the Intel Program License 
    Info: Subscription Agreement, the Intel Quartus Prime License Agreement,
    Info: the Intel FPGA IP License Agreement, or other applicable license
    Info: agreement, including, without limitation, that your use is for
    Info: the sole purpose of programming logic devices manufactured by
    Info: Intel and sold by Intel or its authorized distributors.  Please
    Info: refer to the applicable agreement for further details.
    Info: Processing started: Mon Sep 13 10:13:52 2021
Info: Command: quartus_sh -t ..//DeMiSTify/Scripts/mkproject.tcl -project MiSTery -board chameleon64v2 -rootpath ../
Info: Quartus(args): -project MiSTery -board chameleon64v2 -rootpath ../
Info (125061): Changed top-level design entity name to "chameleon64v2_top"
Error (23031): Evaluation of Tcl script ..//DeMiSTify/Scripts/mkproject.tcl unsuccessful
Error: Quartus Prime Shell was unsuccessful. 1 error, 0 warnings
    Error: Peak virtual memory: 795 megabytes
    Error: Processing ended: Mon Sep 13 10:13:53 2021
    Error: Elapsed time: 00:00:01
    Error: Total CPU time (on all processors): 00:00:00
